This is pdfTeX, Version 3.14159265-2.6-1.40.20 (MiKTeX 2.9.7140 64-bit) (preloaded format=pdflatex 2020.2.10)  17 APR 2020 11:33
entering extended mode
**./FirePaperRevised.tex
(FirePaperRevised.tex
LaTeX2e <2018-12-01>
("C:\Program Files\MiKTeX 2.9\tex/latex/elsarticle\elsarticle.cls"
Document Class: elsarticle 2019/02/25, 3.2: Elsevier Ltd
\@bls=\dimen102
("C:\Program Files\MiKTeX 2.9\tex/latex/base\article.cls"
Document Class: article 2018/09/03 v1.4i Standard LaTeX document class
("C:\Program Files\MiKTeX 2.9\tex/latex/base\size10.clo"
File: size10.clo 2018/09/03 v1.4i Standard LaTeX file (size option)
)
\c@part=\count80
\c@section=\count81
\c@subsection=\count82
\c@subsubsection=\count83
\c@paragraph=\count84
\c@subparagraph=\count85
\c@figure=\count86
\c@table=\count87
\abovecaptionskip=\skip41
\belowcaptionskip=\skip42
\bibindent=\dimen103
)
("C:\Program Files\MiKTeX 2.9\tex/latex/graphics\graphicx.sty"
Package: graphicx 2017/06/01 v1.1a Enhanced LaTeX Graphics (DPC,SPQR)

("C:\Program Files\MiKTeX 2.9\tex/latex/graphics\keyval.sty"
Package: keyval 2014/10/28 v1.15 key=value parser (DPC)
\KV@toks@=\toks14
)
("C:\Program Files\MiKTeX 2.9\tex/latex/graphics\graphics.sty"
Package: graphics 2017/06/25 v1.2c Standard LaTeX Graphics (DPC,SPQR)

("C:\Program Files\MiKTeX 2.9\tex/latex/graphics\trig.sty"
Package: trig 2016/01/03 v1.10 sin cos tan (DPC)
)
("C:\Program Files\MiKTeX 2.9\tex/latex/graphics-cfg\graphics.cfg"
File: graphics.cfg 2016/06/04 v1.11 sample graphics configuration
)
Package graphics Info: Driver file: pdftex.def on input line 99.

("C:\Program Files\MiKTeX 2.9\tex/latex/graphics-def\pdftex.def"
File: pdftex.def 2018/01/08 v1.0l Graphics/color driver for pdftex
))
\Gin@req@height=\dimen104
\Gin@req@width=\dimen105
)
\c@tnote=\count88
\c@fnote=\count89
\c@cnote=\count90
\c@ead=\count91
\c@author=\count92
\@eadauthor=\toks15
\c@affn=\count93
\absbox=\box27
\elsarticlehighlightsbox=\box28
\elsarticlegrabsbox=\box29
\keybox=\box30
\Columnwidth=\dimen106
\space@left=\dimen107
\els@boxa=\box31
\els@boxb=\box32
\leftMargin=\dimen108
\@enLab=\toks16
\@sep=\skip43
\@@sep=\skip44

(FirePaperRevised.spl) ("C:\Program Files\MiKTeX 2.9\tex/latex/natbib\natbib.st
y"
Package: natbib 2010/09/13 8.31b (PWD, AO)
\bibhang=\skip45
\bibsep=\skip46
LaTeX Info: Redefining \cite on input line 694.
\c@NAT@ctr=\count94
)
\splwrite=\write3
\openout3 = `FirePaperRevised.spl'.

\appnamewidth=\dimen109
) ("C:\Program Files\MiKTeX 2.9\tex/latex/lineno\lineno.sty"
Package: lineno 2005/11/02 line numbers on paragraphs v4.41
\linenopenalty=\count95
\output=\toks17
\linenoprevgraf=\count96
\linenumbersep=\dimen110
\linenumberwidth=\dimen111
\c@linenumber=\count97
\c@pagewiselinenumber=\count98
\c@LN@truepage=\count99
\c@internallinenumber=\count100
\c@internallinenumbers=\count101
\quotelinenumbersep=\dimen112
\bframerule=\dimen113
\bframesep=\dimen114
\bframebox=\box33
LaTeX Info: Redefining \\ on input line 3056.
)
("C:\Program Files\MiKTeX 2.9\tex/latex/hyperref\hyperref.sty"
Package: hyperref 2019/06/12 v6.88h Hypertext links for LaTeX

("C:\Program Files\MiKTeX 2.9\tex/generic/oberdiek\hobsub-hyperref.sty"
Package: hobsub-hyperref 2016/05/16 v1.14 Bundle oberdiek, subset hyperref (HO)


("C:\Program Files\MiKTeX 2.9\tex/generic/oberdiek\hobsub-generic.sty"
Package: hobsub-generic 2016/05/16 v1.14 Bundle oberdiek, subset generic (HO)
Package: hobsub 2016/05/16 v1.14 Construct package bundles (HO)
Package: infwarerr 2016/05/16 v1.4 Providing info/warning/error messages (HO)
Package: ltxcmds 2016/05/16 v1.23 LaTeX kernel commands for general use (HO)
Package: ifluatex 2016/05/16 v1.4 Provides the ifluatex switch (HO)
Package ifluatex Info: LuaTeX not detected.
Package: ifvtex 2016/05/16 v1.6 Detect VTeX and its facilities (HO)
Package ifvtex Info: VTeX not detected.
Package: intcalc 2016/05/16 v1.2 Expandable calculations with integers (HO)
Package: ifpdf 2018/09/07 v3.3 Provides the ifpdf switch
Package: etexcmds 2016/05/16 v1.6 Avoid name clashes with e-TeX commands (HO)
Package: kvsetkeys 2016/05/16 v1.17 Key value parser (HO)
Package: kvdefinekeys 2016/05/16 v1.4 Define keys (HO)
Package: pdftexcmds 2019/07/25 v0.30 Utility functions of pdfTeX for LuaTeX (HO
)
Package pdftexcmds Info: LuaTeX not detected.
Package pdftexcmds Info: \pdf@primitive is available.
Package pdftexcmds Info: \pdf@ifprimitive is available.
Package pdftexcmds Info: \pdfdraftmode found.
Package: pdfescape 2016/05/16 v1.14 Implements pdfTeX's escape features (HO)
Package: bigintcalc 2016/05/16 v1.4 Expandable calculations on big integers (HO
)
Package: bitset 2016/05/16 v1.2 Handle bit-vector datatype (HO)
Package: uniquecounter 2016/05/16 v1.3 Provide unlimited unique counter (HO)
)
Package hobsub Info: Skipping package `hobsub' (already loaded).
Package: letltxmacro 2016/05/16 v1.5 Let assignment for LaTeX macros (HO)
Package: hopatch 2016/05/16 v1.3 Wrapper for package hooks (HO)
Package: xcolor-patch 2016/05/16 xcolor patch
Package: atveryend 2016/05/16 v1.9 Hooks at the very end of document (HO)
Package atveryend Info: \enddocument detected (standard20110627).
Package: atbegshi 2016/06/09 v1.18 At begin shipout hook (HO)
Package: refcount 2016/05/16 v3.5 Data extraction from label references (HO)
Package: hycolor 2016/05/16 v1.8 Color options for hyperref/bookmark (HO)
)
("C:\Program Files\MiKTeX 2.9\tex/generic/ifxetex\ifxetex.sty"
Package: ifxetex 2010/09/12 v0.6 Provides ifxetex conditional
)
("C:\Program Files\MiKTeX 2.9\tex/latex/oberdiek\auxhook.sty"
Package: auxhook 2016/05/16 v1.4 Hooks for auxiliary files (HO)
)
("C:\Program Files\MiKTeX 2.9\tex/latex/oberdiek\kvoptions.sty"
Package: kvoptions 2016/05/16 v3.12 Key value format for package options (HO)
)
\@linkdim=\dimen115
\Hy@linkcounter=\count102
\Hy@pagecounter=\count103

("C:\Program Files\MiKTeX 2.9\tex/latex/hyperref\pd1enc.def"
File: pd1enc.def 2019/06/12 v6.88h Hyperref: PDFDocEncoding definition (HO)
Now handling font encoding PD1 ...
... no UTF-8 mapping file for font encoding PD1
)
\Hy@SavedSpaceFactor=\count104

("C:\Program Files\MiKTeX 2.9\tex/latex/00miktex\hyperref.cfg"
File: hyperref.cfg 2002/06/06 v1.2 hyperref configuration of TeXLive
)
Package hyperref Info: Hyper figures OFF on input line 4550.
Package hyperref Info: Link nesting OFF on input line 4555.
Package hyperref Info: Hyper index ON on input line 4558.
Package hyperref Info: Plain pages OFF on input line 4565.
Package hyperref Info: Backreferencing OFF on input line 4570.
Package hyperref Info: Implicit mode ON; LaTeX internals redefined.
Package hyperref Info: Bookmarks ON on input line 4803.
\c@Hy@tempcnt=\count105

("C:\Program Files\MiKTeX 2.9\tex/latex/url\url.sty"
\Urlmuskip=\muskip10
Package: url 2013/09/16  ver 3.4  Verb mode for urls, etc.
)
LaTeX Info: Redefining \url on input line 5156.
\XeTeXLinkMargin=\dimen116
\Fld@menulength=\count106
\Field@Width=\dimen117
\Fld@charsize=\dimen118
Package hyperref Info: Hyper figures OFF on input line 6411.
Package hyperref Info: Link nesting OFF on input line 6416.
Package hyperref Info: Hyper index ON on input line 6419.
Package hyperref Info: backreferencing OFF on input line 6426.
Package hyperref Info: Link coloring OFF on input line 6431.
Package hyperref Info: Link coloring with OCG OFF on input line 6436.
Package hyperref Info: PDF/A mode OFF on input line 6441.
LaTeX Info: Redefining \ref on input line 6481.
LaTeX Info: Redefining \pageref on input line 6485.
\Hy@abspage=\count107
\c@Item=\count108
\c@Hfootnote=\count109
)
Package hyperref Info: Driver (autodetected): hpdftex.

("C:\Program Files\MiKTeX 2.9\tex/latex/hyperref\hpdftex.def"
File: hpdftex.def 2019/06/12 v6.88h Hyperref driver for pdfTeX
\Fld@listcount=\count110
\c@bookmark@seq@number=\count111

("C:\Program Files\MiKTeX 2.9\tex/latex/oberdiek\rerunfilecheck.sty"
Package: rerunfilecheck 2016/05/16 v1.8 Rerun checks for auxiliary files (HO)
Package uniquecounter Info: New unique counter `rerunfilecheck' on input line 2
82.
)
\Hy@SectionHShift=\skip47
)
("C:\Program Files\MiKTeX 2.9\tex/latex/soul\soul.sty"
Package: soul 2003/11/17 v2.4 letterspacing/underlining (mf)
\SOUL@word=\toks18
\SOUL@lasttoken=\toks19
\SOUL@cmds=\toks20
\SOUL@buffer=\toks21
\SOUL@token=\toks22
\SOUL@spaceskip=\skip48
\SOUL@ttwidth=\dimen119
\SOUL@uldp=\dimen120
\SOUL@ulht=\dimen121
)
("C:\Program Files\MiKTeX 2.9\tex/latex/amsmath\amsmath.sty"
Package: amsmath 2018/12/01 v2.17b AMS math features
\@mathmargin=\skip49

For additional information on amsmath, use the `?' option.
("C:\Program Files\MiKTeX 2.9\tex/latex/amsmath\amstext.sty"
Package: amstext 2000/06/29 v2.01 AMS text

("C:\Program Files\MiKTeX 2.9\tex/latex/amsmath\amsgen.sty"
File: amsgen.sty 1999/11/30 v2.0 generic functions
\@emptytoks=\toks23
\ex@=\dimen122
))
("C:\Program Files\MiKTeX 2.9\tex/latex/amsmath\amsbsy.sty"
Package: amsbsy 1999/11/29 v1.2d Bold Symbols
\pmbraise@=\dimen123
)
("C:\Program Files\MiKTeX 2.9\tex/latex/amsmath\amsopn.sty"
Package: amsopn 2016/03/08 v2.02 operator names
)
\inf@bad=\count112
LaTeX Info: Redefining \frac on input line 223.
\uproot@=\count113
\leftroot@=\count114
LaTeX Info: Redefining \overline on input line 385.
\classnum@=\count115
\DOTSCASE@=\count116
LaTeX Info: Redefining \ldots on input line 482.
LaTeX Info: Redefining \dots on input line 485.
LaTeX Info: Redefining \cdots on input line 606.
\Mathstrutbox@=\box34
\strutbox@=\box35
\big@size=\dimen124
LaTeX Font Info:    Redeclaring font encoding OML on input line 729.
LaTeX Font Info:    Redeclaring font encoding OMS on input line 730.
\macc@depth=\count117
\c@MaxMatrixCols=\count118
\dotsspace@=\muskip11
\c@parentequation=\count119
\dspbrk@lvl=\count120
\tag@help=\toks24
\row@=\count121
\column@=\count122
\maxfields@=\count123
\andhelp@=\toks25
\eqnshift@=\dimen125
\alignsep@=\dimen126
\tagshift@=\dimen127
\tagwidth@=\dimen128
\totwidth@=\dimen129
\lineht@=\dimen130
\@envbody=\toks26
\multlinegap=\skip50
\multlinetaggap=\skip51
\mathdisplay@stack=\toks27
LaTeX Info: Redefining \[ on input line 2844.
LaTeX Info: Redefining \] on input line 2845.
)
("C:\Program Files\MiKTeX 2.9\tex/latex/amsfonts\amssymb.sty"
Package: amssymb 2013/01/14 v3.01 AMS font symbols

("C:\Program Files\MiKTeX 2.9\tex/latex/amsfonts\amsfonts.sty"
Package: amsfonts 2013/01/14 v3.01 Basic AMSFonts support
\symAMSa=\mathgroup4
\symAMSb=\mathgroup5
LaTeX Font Info:    Overwriting math alphabet `\mathfrak' in version `bold'
(Font)                  U/euf/m/n --> U/euf/b/n on input line 106.
))
("C:\Program Files\MiKTeX 2.9\tex/latex/oberdiek\epstopdf.sty"
Package: epstopdf 2016/05/15 v2.6 Conversion with epstopdf on the fly (HO)

("C:\Program Files\MiKTeX 2.9\tex/latex/oberdiek\epstopdf-base.sty"
Package: epstopdf-base 2016/05/15 v2.6 Base part for package epstopdf

("C:\Program Files\MiKTeX 2.9\tex/latex/oberdiek\grfext.sty"
Package: grfext 2016/05/16 v1.2 Manage graphics extensions (HO)
)
Package epstopdf-base Info: Redefining graphics rule for `.eps' on input line 4
38.
Package grfext Info: Graphics extension search list:
(grfext)             [.pdf,.png,.jpg,.mps,.jpeg,.jbig2,.jb2,.PDF,.PNG,.JPG,.JPE
G,.JBIG2,.JB2,.eps]
(grfext)             \AppendGraphicsExtensions on input line 456.
))
("C:\Program Files\MiKTeX 2.9\tex/latex/caption\subcaption.sty"
Package: subcaption 2020/01/22 v1.3d Sub-captions (AR)

("C:\Program Files\MiKTeX 2.9\tex/latex/caption\caption.sty"
Package: caption 2020/01/03 v3.4h Customizing captions (AR)

("C:\Program Files\MiKTeX 2.9\tex/latex/caption\caption3.sty"
Package: caption3 2020/01/03 v1.8h caption3 kernel (AR)
Package caption3 Info: TeX engine: e-TeX on input line 61.
\captionmargin=\dimen131
\captionmargin@=\dimen132
\captionwidth=\dimen133
\caption@tempdima=\dimen134
\caption@indent=\dimen135
\caption@parindent=\dimen136
\caption@hangindent=\dimen137
Package caption Info: elsarticle document class detected.
)
\c@caption@flags=\count124
\c@continuedfloat=\count125
Package caption Info: hyperref package is loaded.
)
\c@subfigure=\count126
\c@subtable=\count127
)
("C:\Program Files\MiKTeX 2.9\tex/latex/booktabs\booktabs.sty"
Package: booktabs 2019/10/08 v1.6180339 publication quality tables
\heavyrulewidth=\dimen138
\lightrulewidth=\dimen139
\cmidrulewidth=\dimen140
\belowrulesep=\dimen141
\belowbottomsep=\dimen142
\aboverulesep=\dimen143
\abovetopsep=\dimen144
\cmidrulesep=\dimen145
\cmidrulekern=\dimen146
\defaultaddspace=\dimen147
\@cmidla=\count128
\@cmidlb=\count129
\@aboverulesep=\dimen148
\@belowrulesep=\dimen149
\@thisruleclass=\count130
\@lastruleclass=\count131
\@thisrulewidth=\dimen150
)
("C:\Program Files\MiKTeX 2.9\tex/latex/multirow\multirow.sty"
Package: multirow 2019/05/31 v2.5 Span multiple rows of a table
\multirow@colwidth=\skip52
\multirow@cntb=\count132
\multirow@dima=\skip53
\bigstrutjot=\dimen151
)
("C:\Program Files\MiKTeX 2.9\tex/latex/graphics\rotating.sty"
Package: rotating 2016/08/11 v2.16d rotated objects in LaTeX

("C:\Program Files\MiKTeX 2.9\tex/latex/base\ifthen.sty"
Package: ifthen 2014/09/29 v1.1c Standard LaTeX ifthen package (DPC)
)
\c@r@tfl@t=\count133
\rotFPtop=\skip54
\rotFPbot=\skip55
\rot@float@box=\box36
\rot@mess@toks=\toks28
)
("C:\Program Files\MiKTeX 2.9\tex/latex/placeins\placeins.sty"
Package: placeins 2005/04/18  v 2.2
)
("C:\Program Files\MiKTeX 2.9\tex/latex/nomencl\nomencl.sty"
Package: nomencl 2020/03/01 v5.4 Nomenclature package

("C:\Program Files\MiKTeX 2.9\tex/latex/xkeyval\xkeyval.sty"
Package: xkeyval 2014/12/03 v2.7a package option processing (HA)

("C:\Program Files\MiKTeX 2.9\tex/generic/xkeyval\xkeyval.tex"
("C:\Program Files\MiKTeX 2.9\tex/generic/xkeyval\xkvutils.tex"
\XKV@toks=\toks29
\XKV@tempa@toks=\toks30
)
\XKV@depth=\count134
File: xkeyval.tex 2014/12/03 v2.7a key=value parser (HA)
))
("C:\Program Files\MiKTeX 2.9\tex/latex/koma-script\tocbasic.sty"
Package: tocbasic 2020/01/24 v3.29 KOMA-Script package (handling toc-files)

("C:\Program Files\MiKTeX 2.9\tex/latex/koma-script\scrbase.sty"
Package: scrbase 2020/01/24 v3.29 KOMA-Script package (KOMA-Script-independent 
basics and keyval usage)

("C:\Program Files\MiKTeX 2.9\tex/latex/koma-script\scrlfile.sty"
Package: scrlfile 2020/01/24 v3.29 KOMA-Script package (loading files)
))
\scr@dte@tocline@numberwidth=\skip56
\scr@dte@tocline@numbox=\box37
)
Package tocbasic Info: setting babel extension for `nlo' on input line 179.
Package tocbasic Info: setting babel extension for `nls' on input line 180.
\nomlabelwidth=\dimen152
\nom@tempdim=\dimen153
\nomitemsep=\skip57
)
\@nomenclaturefile=\write4
\openout4 = `FirePaperRevised.nlo'.

Package nomencl Info: Writing nomenclature file FirePaperRevised.nlo on input l
ine 55.

("C:\Program Files\MiKTeX 2.9\tex/latex/graphics\lscape.sty"
Package: lscape 2000/10/22 v3.01 Landscape Pages (DPC)
)
(FirePaperRevised.aux

LaTeX Warning: Label `fig3:sub1' multiply defined.


LaTeX Warning: Label `sub@fig3:sub1' multiply defined.


LaTeX Warning: Label `fig3:sub2' multiply defined.


LaTeX Warning: Label `sub@fig3:sub2' multiply defined.


LaTeX Warning: Label `fig3:sub1' multiply defined.


LaTeX Warning: Label `sub@fig3:sub1' multiply defined.


LaTeX Warning: Label `fig3:sub2' multiply defined.


LaTeX Warning: Label `sub@fig3:sub2' multiply defined.

)
\openout1 = `FirePaperRevised.aux'.

LaTeX Font Info:    Checking defaults for OML/cmm/m/it on input line 59.
LaTeX Font Info:    ... okay on input line 59.
LaTeX Font Info:    Checking defaults for T1/cmr/m/n on input line 59.
LaTeX Font Info:    ... okay on input line 59.
LaTeX Font Info:    Checking defaults for OT1/cmr/m/n on input line 59.
LaTeX Font Info:    ... okay on input line 59.
LaTeX Font Info:    Checking defaults for OMS/cmsy/m/n on input line 59.
LaTeX Font Info:    ... okay on input line 59.
LaTeX Font Info:    Checking defaults for OMX/cmex/m/n on input line 59.
LaTeX Font Info:    ... okay on input line 59.
LaTeX Font Info:    Checking defaults for U/cmr/m/n on input line 59.
LaTeX Font Info:    ... okay on input line 59.
LaTeX Font Info:    Checking defaults for PD1/pdf/m/n on input line 59.
LaTeX Font Info:    ... okay on input line 59.
 ("C:\Program Files\MiKTeX 2.9\tex/context/base/mkii\supp-pdf.mkii"
[Loading MPS to PDF converter (version 2006.09.02).]
\scratchcounter=\count135
\scratchdimen=\dimen154
\scratchbox=\box38
\nofMPsegments=\count136
\nofMParguments=\count137
\everyMPshowfont=\toks31
\MPscratchCnt=\count138
\MPscratchDim=\dimen155
\MPnumerator=\count139
\makeMPintoPDFobject=\count140
\everyMPtoPDFconversion=\toks32
)
\AtBeginShipoutBox=\box39
Package hyperref Info: Link coloring OFF on input line 59.
 ("C:\Program Files\MiKTeX 2.9\tex/latex/hyperref\nameref.sty"
Package: nameref 2016/05/21 v2.44 Cross-referencing by name of section

("C:\Program Files\MiKTeX 2.9\tex/generic/oberdiek\gettitlestring.sty"
Package: gettitlestring 2016/05/16 v1.5 Cleanup title references (HO)
)
\c@section@level=\count141
)
LaTeX Info: Redefining \ref on input line 59.
LaTeX Info: Redefining \pageref on input line 59.
LaTeX Info: Redefining \nameref on input line 59.

(FirePaperRevised.out) (FirePaperRevised.out)
\@outlinefile=\write5
\openout5 = `FirePaperRevised.out'.

Package caption Info: Begin \AtBeginDocument code.
Package caption Info: rotating package is loaded.
Package caption Info: End \AtBeginDocument code.
LaTeX Font Info:    Try loading font information for U+msa on input line 81.

("C:\Program Files\MiKTeX 2.9\tex/latex/amsfonts\umsa.fd"
File: umsa.fd 2013/01/14 v3.01 AMS symbols A
)
LaTeX Font Info:    Try loading font information for U+msb on input line 81.

("C:\Program Files\MiKTeX 2.9\tex/latex/amsfonts\umsb.fd"
File: umsb.fd 2013/01/14 v3.01 AMS symbols B
)
Underfull \hbox (badness 10000) in paragraph at lines 80--83

 []


Overfull \hbox (2.22221pt too wide) has occurred while \output is active
[] 
 []


Package hyperref Warning: Token not allowed in a PDF string (PDFDocEncoding):
(hyperref)                removing `\<def>-command' on input line 89.


Package hyperref Warning: Token not allowed in a PDF string (PDFDocEncoding):
(hyperref)                removing `\cnotenum' on input line 89.


Package hyperref Warning: Token not allowed in a PDF string (PDFDocEncoding):
(hyperref)                removing `\<def>-command' on input line 89.


Package hyperref Warning: Token not allowed in a PDF string (PDFDocEncoding):
(hyperref)                removing `\@corref' on input line 89.

[1


{C:/Users/Saulo Almeida/AppData/Local/MiKTeX/2.9/pdftex/config/pdftex.map}]

Package natbib Warning: Citation `MahjoobKambiz2008' on page 2 undefined on inp
ut line 97.


Package natbib Warning: Citation `Vadwala2011' on page 2 undefined on input lin
e 97.


Package natbib Warning: Citation `Yuanetal2012' on page 2 undefined on input li
ne 97.

[2]

Package natbib Warning: Citation `Smithetal2012' on page 3 undefined on input l
ine 99.


Package natbib Warning: Citation `BanhartSeeliger2008' on page 3 undefined on i
nput line 99.


Package natbib Warning: Citation `GibsonAshsby1999' on page 3 undefined on inpu
t line 99.


Package natbib Warning: Citation `Ashsby2000' on page 3 undefined on input line
 99.


Package natbib Warning: Citation `Lefebvreetal2008' on page 3 undefined on inpu
t line 99.


Package natbib Warning: Citation `DeshpandeFleck2000' on page 3 undefined on in
put line 101.


Package natbib Warning: Citation `Reyesetal2003' on page 3 undefined on input l
ine 101.


Package natbib Warning: Citation `Szyniszewskietal2014' on page 3 undefined on 
input line 101.


Package natbib Warning: Citation `Szyniszewskietal2014' on page 3 undefined on 
input line 101.


Package natbib Warning: Citation `DeshpandeFleck2000' on page 3 undefined on in
put line 101.

[3]

Package natbib Warning: Citation `Aly2007' on page 4 undefined on input line 10
3.


Package natbib Warning: Citation `Kovacicetal2016' on page 4 undefined on input
 line 103.


Package natbib Warning: Citation `Kovacicetal2016' on page 4 undefined on input
 line 103.


Package natbib Warning: Citation `Liuetal2016' on page 4 undefined on input lin
e 103.


Package natbib Warning: Citation `Liuetal2016' on page 4 undefined on input lin
e 103.


Package natbib Warning: Citation `Taherishargh2018' on page 4 undefined on inpu
t line 103.


Package natbib Warning: Citation `BekozOktay2014' on page 4 undefined on input 
line 103.


Package natbib Warning: Citation `BekozOktay2014' on page 4 undefined on input 
line 103.


Package natbib Warning: Citation `Szyniszewskietal2014' on page 4 undefined on 
input line 103.

[4]

Package natbib Warning: Citation `ISO13314' on page 5 undefined on input line 1
09.


Package natbib Warning: Citation `Cobb1987' on page 5 undefined on input line 1
11.


Package natbib Warning: Citation `Smith2012' on page 5 undefined on input line 
111.


Package natbib Warning: Citation `Cobb1987' on page 5 undefined on input line 1
11.

[5]

LaTeX Warning: File `../../Figures/Fig01a_b_c.png' not found on input line 117.



! Package pdftex.def Error: File `../../Figures/Fig01a_b_c.png' not found: usin
g draft setting.

See the pdftex.def package documentation for explanation.
Type  H <return>  for immediate help.
 ...                                              
                                                  
l.117 ...\linewidth]{../../Figures/Fig01a_b_c.png}
                                                  
Try typing  <return>  to proceed.
If that doesn't work, type  X <return>  to quit.

[6]

LaTeX Warning: File `../../Figures/Fig02a_b.png' not found on input line 129.


! Package pdftex.def Error: File `../../Figures/Fig02a_b.png' not found: using 
draft setting.

See the pdftex.def package documentation for explanation.
Type  H <return>  for immediate help.
 ...                                              
                                                  
l.129 ...80\linewidth]{../../Figures/Fig02a_b.png}
                                                  
Try typing  <return>  to proceed.
If that doesn't work, type  X <return>  to quit.

[7]

LaTeX Warning: File `../../Figures/Fig03a.pdf' not found on input line 141.


! Package pdftex.def Error: File `../../Figures/Fig03a.pdf' not found: using dr
aft setting.

See the pdftex.def package documentation for explanation.
Type  H <return>  for immediate help.
 ...                                              
                                                  
l.141 ...0.95\linewidth]{../../Figures/Fig03a.pdf}
                                                  
Try typing  <return>  to proceed.
If that doesn't work, type  X <return>  to quit.


LaTeX Warning: File `../../Figures/Fig03b.pdf' not found on input line 147.


! Package pdftex.def Error: File `../../Figures/Fig03b.pdf' not found: using dr
aft setting.

See the pdftex.def package documentation for explanation.
Type  H <return>  for immediate help.
 ...                                              
                                                  
l.147 ...0.95\linewidth]{../../Figures/Fig03b.pdf}
                                                  
Try typing  <return>  to proceed.
If that doesn't work, type  X <return>  to quit.


LaTeX Warning: File `../../Figures/Fig04.png' not found on input line 159.


! Package pdftex.def Error: File `../../Figures/Fig04.png' not found: using dra
ft setting.

See the pdftex.def package documentation for explanation.
Type  H <return>  for immediate help.
 ...                                              
                                                  
l.159 ...=0.95\linewidth]{../../Figures/Fig04.png}
                                                  
Try typing  <return>  to proceed.
If that doesn't work, type  X <return>  to quit.


LaTeX Warning: File `../../Figures/Fig05.png' not found on input line 178.


! Package pdftex.def Error: File `../../Figures/Fig05.png' not found: using dra
ft setting.

See the pdftex.def package documentation for explanation.
Type  H <return>  for immediate help.
 ...                                              
                                                  
l.178 ...=0.75\linewidth]{../../Figures/Fig05.png}
                                                  
Try typing  <return>  to proceed.
If that doesn't work, type  X <return>  to quit.

[8] [9] [10]

Package natbib Warning: Citation `Avalloneetal2007' on page 11 undefined on inp
ut line 198.


Package natbib Warning: Citation `Ashsby2000' on page 11 undefined on input lin
e 198.


Package natbib Warning: Citation `EC3-1-2' on page 11 undefined on input line 1
98.

[11]
Overfull \hbox (63.72304pt too wide) in paragraph at lines 204--221
 [][][] 
 []


LaTeX Warning: File `../../Figures/Fig06.png' not found on input line 229.


! Package pdftex.def Error: File `../../Figures/Fig06.png' not found: using dra
ft setting.

See the pdftex.def package documentation for explanation.
Type  H <return>  for immediate help.
 ...                                              
                                                  
l.229 ...=0.95\linewidth]{../../Figures/Fig06.png}
                                                  
Try typing  <return>  to proceed.
If that doesn't work, type  X <return>  to quit.

[12] [13]

LaTeX Warning: File `../../Figures/Fig07.pdf' not found on input line 245.


! Package pdftex.def Error: File `../../Figures/Fig07.pdf' not found: using dra
ft setting.

See the pdftex.def package documentation for explanation.
Type  H <return>  for immediate help.
 ...                                              
                                                  
l.245 ...=0.75\linewidth]{../../Figures/Fig07.pdf}
                                                  
Try typing  <return>  to proceed.
If that doesn't work, type  X <return>  to quit.


Package natbib Warning: Citation `XiongandLiew2016' on page 14 undefined on inp
ut line 258.

[14] [15]

pdfTeX warning: pdflatex (file ../../Figures/Fig08a.pdf): PDF inclusion: found 
PDF version <1.7>, but at most version <1.5> allowed
<../../Figures/Fig08a.pdf, id=184, 374.39874pt x 273.02pt>
File: ../../Figures/Fig08a.pdf Graphic file (type pdf)
<use ../../Figures/Fig08a.pdf>
Package pdftex.def Info: ../../Figures/Fig08a.pdf  used on input line 266.
(pdftex.def)             Requested size: 169.04926pt x 123.27446pt.


pdfTeX warning: pdflatex (file ../../Figures/Fig08b.pdf): PDF inclusion: found 
PDF version <1.7>, but at most version <1.5> allowed
<../../Figures/Fig08b.pdf, id=185, 374.39874pt x 273.02pt>
File: ../../Figures/Fig08b.pdf Graphic file (type pdf)
<use ../../Figures/Fig08b.pdf>
Package pdftex.def Info: ../../Figures/Fig08b.pdf  used on input line 272.
(pdftex.def)             Requested size: 169.04926pt x 123.27446pt.

LaTeX Warning: File `../../Figures/Fig09-Blue_brittleness.pdf' not found on inp
ut line 283.


! Package pdftex.def Error: File `../../Figures/Fig09-Blue_brittleness.pdf' not
 found: using draft setting.

See the pdftex.def package documentation for explanation.
Type  H <return>  for immediate help.
 ...                                              
                                                  
l.283 		{../../Figures/Fig09-Blue_brittleness.pdf}
                                                  
Try typing  <return>  to proceed.
If that doesn't work, type  X <return>  to quit.

[16 <../../Figures/Fig08a.pdf> <../../Figures/Fig08b.pdf>] [17]

Package natbib Warning: Citation `Gaoetal2008' on page 18 undefined on input li
ne 293.


Package natbib Warning: Citation `WouPhi2006' on page 18 undefined on input lin
e 293.


Package natbib Warning: Citation `Kansaletal2002' on page 18 undefined on input
 line 293.


Package natbib Warning: Citation `WilliamsandPhilipse2003' on page 18 undefined
 on input line 293.


Package natbib Warning: Citation `Smith2012' on page 18 undefined on input line
 302.

[18]

! LaTeX Error: File `../../Figures/Fig10-SimulatedCompression' not found.

See the LaTeX manual or LaTeX Companion for explanation.
Type  H <return>  for immediate help.
 ...                                              
                                                  
l.331 		{../../Figures/Fig10-SimulatedCompression}
                                                  
I could not locate the file with any of these extensions:
.pdf,.png,.jpg,.mps,.jpeg,.jbig2,.jb2,.PDF,.PNG,.JPG,.JPEG,.JBIG2,.JB2,.eps,.ep
s
Try typing  <return>  to proceed.
If that doesn't work, type  X <return>  to quit.


Package natbib Warning: Citation `Fallet2008' on page 19 undefined on input lin
e 338.

[19]
<../../Figures/Fig11-PlasticBuckling.png, id=227, 435.12563pt x 411.78844pt>
File: ../../Figures/Fig11-PlasticBuckling.png Graphic file (type png)
<use ../../Figures/Fig11-PlasticBuckling.png>
Package pdftex.def Info: ../../Figures/Fig11-PlasticBuckling.png  used on input
 line 344.
(pdftex.def)             Requested size: 276.00105pt x 261.21255pt.


Package natbib Warning: Citation `Fallet2008' on page 20 undefined on input lin
e 345.


Package natbib Warning: Citation `Fallet2008' on page 20 undefined on input lin
e 345.


Package natbib Warning: Citation `TimGer2009' on page 20 undefined on input lin
e 371.

[20] [21 <../../Figures/Fig11-PlasticBuckling.png>]

Package natbib Warning: Citation `Szyniszewskietal2014' on page 22 undefined on
 input line 388.


Package natbib Warning: Citation `Winter1947' on page 22 undefined on input lin
e 395.


Package natbib Warning: Citation `Fallet2008' on page 22 undefined on input lin
e 395.


Package natbib Warning: Citation `Sch2011' on page 22 undefined on input line 3
95.

[22]

pdfTeX warning: pdflatex (file ../../Figures/Fig12a_Buckling_b_t.pdf): PDF incl
usion: found PDF version <1.7>, but at most version <1.5> allowed
<../../Figures/Fig12a_Buckling_b_t.pdf, id=253, 388.45125pt x 271.0125pt>
File: ../../Figures/Fig12a_Buckling_b_t.pdf Graphic file (type pdf)
<use ../../Figures/Fig12a_Buckling_b_t.pdf>
Package pdftex.def Info: ../../Figures/Fig12a_Buckling_b_t.pdf  used on input l
ine 402.
(pdftex.def)             Requested size: 213.0348pt x 148.6314pt.


pdfTeX warning: pdflatex (file ../../Figures/Fig12b_Buckling_lambda.pdf): PDF i
nclusion: found PDF version <1.7>, but at most version <1.5> allowed
<../../Figures/Fig12b_Buckling_lambda.pdf, id=254, 380.42125pt x 273.02pt>
File: ../../Figures/Fig12b_Buckling_lambda.pdf Graphic file (type pdf)
<use ../../Figures/Fig12b_Buckling_lambda.pdf>
Package pdftex.def Info: ../../Figures/Fig12b_Buckling_lambda.pdf  used on inpu
t line 412.
(pdftex.def)             Requested size: 213.0348pt x 152.89432pt.
[23] [24 <../../Figures/Fig12a_Buckling_b_t.pdf> <../../Figures/Fig12b_Buckling
_lambda.pdf>]
<../../Figures/Fig13a-yield_stress.pdf, id=277, 350.30875pt x 252.945pt>
File: ../../Figures/Fig13a-yield_stress.pdf Graphic file (type pdf)
<use ../../Figures/Fig13a-yield_stress.pdf>
Package pdftex.def Info: ../../Figures/Fig13a-yield_stress.pdf  used on input l
ine 463.
(pdftex.def)             Requested size: 163.87447pt x 118.32837pt.
<../../Figures/Fig13b-yield_stress.pdf, id=278, 350.30875pt x 252.945pt>
File: ../../Figures/Fig13b-yield_stress.pdf Graphic file (type pdf)
<use ../../Figures/Fig13b-yield_stress.pdf>
Package pdftex.def Info: ../../Figures/Fig13b-yield_stress.pdf  used on input l
ine 470.
(pdftex.def)             Requested size: 163.87447pt x 118.32837pt.
<../../Figures/Fig14a-plateau_stress.pdf, id=280, 350.30875pt x 252.945pt>
File: ../../Figures/Fig14a-plateau_stress.pdf Graphic file (type pdf)
<use ../../Figures/Fig14a-plateau_stress.pdf>
Package pdftex.def Info: ../../Figures/Fig14a-plateau_stress.pdf  used on input
 line 489.
(pdftex.def)             Requested size: 163.87447pt x 118.32837pt.
<../../Figures/Fig14b-plateau_stress.pdf, id=281, 350.30875pt x 252.945pt>
File: ../../Figures/Fig14b-plateau_stress.pdf Graphic file (type pdf)
<use ../../Figures/Fig14b-plateau_stress.pdf>
Package pdftex.def Info: ../../Figures/Fig14b-plateau_stress.pdf  used on input
 line 496.
(pdftex.def)             Requested size: 163.87447pt x 118.32837pt.
 [25] [26 <../../Figures/Fig13a-yield_stress.pdf> <../../Figures/Fig13b-yield_s
tress.pdf> <../../Figures/Fig14a-plateau_stress.pdf> <../../Figures/Fig14b-plat
eau_stress.pdf>]
Overfull \hbox (39.11194pt too wide) detected at line 515
\OML/cmm/m/it/10 \OT1/cmr/m/n/10 (\OML/cmm/m/it/10 "; T\OT1/cmr/m/n/10 ) = []
 []


Package natbib Warning: Citation `Wei2018' on page 27 undefined on input line 5
34.


Package natbib Warning: Citation `Ric1975' on page 27 undefined on input line 5
34.

[27]

Package natbib Warning: Citation `Mat' on page 28 undefined on input line 536.

<../../Figures/Fig15a-StressStrain-fit-Fe.pdf, id=327, 520.94624pt x 353.32pt>
File: ../../Figures/Fig15a-StressStrain-fit-Fe.pdf Graphic file (type pdf)
<use ../../Figures/Fig15a-StressStrain-fit-Fe.pdf>
Package pdftex.def Info: ../../Figures/Fig15a-StressStrain-fit-Fe.pdf  used on 
input line 543.
(pdftex.def)             Requested size: 310.4979pt x 210.58652pt.
<../../Figures/Fig15b-StressStrain-fit-Al.pdf, id=328, 400.49625pt x 277.035pt>

File: ../../Figures/Fig15b-StressStrain-fit-Al.pdf Graphic file (type pdf)
<use ../../Figures/Fig15b-StressStrain-fit-Al.pdf>
Package pdftex.def Info: ../../Figures/Fig15b-StressStrain-fit-Al.pdf  used on 
input line 553.
(pdftex.def)             Requested size: 241.49895pt x 167.05504pt.
<../../Figures/Fig16a-quasi-Elastic-fit-Fe.pdf, id=334, 532.99126pt x 309.155pt
>
File: ../../Figures/Fig16a-quasi-Elastic-fit-Fe.pdf Graphic file (type pdf)
<use ../../Figures/Fig16a-quasi-Elastic-fit-Fe.pdf>
Package pdftex.def Info: ../../Figures/Fig16a-quasi-Elastic-fit-Fe.pdf  used on
 input line 573.
(pdftex.def)             Requested size: 310.4979pt x 180.10724pt.
<../../Figures/Fig16b-quasi-Elastic-fit-Al.pdf, id=335, 410.53375pt x 246.9225p
t>
File: ../../Figures/Fig16b-quasi-Elastic-fit-Al.pdf Graphic file (type pdf)
<use ../../Figures/Fig16b-quasi-Elastic-fit-Al.pdf>
Package pdftex.def Info: ../../Figures/Fig16b-quasi-Elastic-fit-Al.pdf  used on
 input line 583.
(pdftex.def)             Requested size: 241.49895pt x 145.25348pt.
[28] [29 <../../Figures/Fig15a-StressStrain-fit-Fe.pdf> <../../Figures/Fig15b-S
tressStrain-fit-Al.pdf>] [30 <../../Figures/Fig16a-quasi-Elastic-fit-Fe.pdf> <.
./../Figures/Fig16b-quasi-Elastic-fit-Al.pdf>]
<../../Figures/Fig17a-qElast-Fe.pdf, id=820, 350.30875pt x 255.95625pt>
File: ../../Figures/Fig17a-qElast-Fe.pdf Graphic file (type pdf)
<use ../../Figures/Fig17a-qElast-Fe.pdf>
Package pdftex.def Info: ../../Figures/Fig17a-qElast-Fe.pdf  used on input line
 599.
(pdftex.def)             Requested size: 155.24895pt x 113.43735pt.
<../../Figures/Fig17b-qElast-Al.pdf, id=821, 350.30875pt x 252.945pt>
File: ../../Figures/Fig17b-qElast-Al.pdf Graphic file (type pdf)
<use ../../Figures/Fig17b-qElast-Al.pdf>
Package pdftex.def Info: ../../Figures/Fig17b-qElast-Al.pdf  used on input line
 606.
(pdftex.def)             Requested size: 155.24895pt x 112.1028pt.
<../../Figures/Fig18a-quasi-Hardening-Fe.pdf, id=826, 347.2975pt x 252.945pt>
File: ../../Figures/Fig18a-quasi-Hardening-Fe.pdf Graphic file (type pdf)
<use ../../Figures/Fig18a-quasi-Hardening-Fe.pdf>
Package pdftex.def Info: ../../Figures/Fig18a-quasi-Hardening-Fe.pdf  used on i
nput line 626.
(pdftex.def)             Requested size: 155.24895pt x 113.07542pt.
<../../Figures/Fig18b-quasi-Hardening-Al.pdf, id=827, 347.2975pt x 252.945pt>
File: ../../Figures/Fig18b-quasi-Hardening-Al.pdf Graphic file (type pdf)
<use ../../Figures/Fig18b-quasi-Hardening-Al.pdf>
Package pdftex.def Info: ../../Figures/Fig18b-quasi-Hardening-Al.pdf  used on i
nput line 633.
(pdftex.def)             Requested size: 155.24895pt x 113.07542pt.
 [31 <../../Figures/Fig17a-qElast-Fe.pdf> <../../Figures/Fig17b-qElast-Al.pdf>]
<../../Figures/Fig19a-densification-Fe.pdf, id=844, 350.30875pt x 255.95625pt>
File: ../../Figures/Fig19a-densification-Fe.pdf Graphic file (type pdf)
<use ../../Figures/Fig19a-densification-Fe.pdf>
Package pdftex.def Info: ../../Figures/Fig19a-densification-Fe.pdf  used on inp
ut line 651.
(pdftex.def)             Requested size: 155.24895pt x 113.43735pt.
<../../Figures/Fig19b-densification-Al.pdf, id=845, 350.30875pt x 255.95625pt>
File: ../../Figures/Fig19b-densification-Al.pdf Graphic file (type pdf)
<use ../../Figures/Fig19b-densification-Al.pdf>
Package pdftex.def Info: ../../Figures/Fig19b-densification-Al.pdf  used on inp
ut line 658.
(pdftex.def)             Requested size: 155.24895pt x 113.43735pt.
 [32 <../../Figures/Fig18a-quasi-Hardening-Fe.pdf> <../../Figures/Fig18b-quasi-
Hardening-Al.pdf> <../../Figures/Fig19a-densification-Fe.pdf> <../../Figures/Fi
g19b-densification-Al.pdf>]
<../../Figures/Fig20-energyAbsorptionEfficiency.png, id=869, 312.56775pt x 254.
75175pt>
File: ../../Figures/Fig20-energyAbsorptionEfficiency.png Graphic file (type png
)
<use ../../Figures/Fig20-energyAbsorptionEfficiency.png>
Package pdftex.def Info: ../../Figures/Fig20-energyAbsorptionEfficiency.png  us
ed on input line 674.
(pdftex.def)             Requested size: 207.0021pt x 168.71196pt.

[33 <../../Figures/Fig20-energyAbsorptionEfficiency.png>]
<../../Figures/Fig21a-EnergyCapacity-Fe.pdf, id=878, 340.27126pt x 255.95625pt>

File: ../../Figures/Fig21a-EnergyCapacity-Fe.pdf Graphic file (type pdf)
<use ../../Figures/Fig21a-EnergyCapacity-Fe.pdf>
Package pdftex.def Info: ../../Figures/Fig21a-EnergyCapacity-Fe.pdf  used on in
put line 688.
(pdftex.def)             Requested size: 155.24895pt x 116.78052pt.
<../../Figures/Fig21b-EnergyCapacity-Al.pdf, id=879, 347.2975pt x 255.95625pt>
File: ../../Figures/Fig21b-EnergyCapacity-Al.pdf Graphic file (type pdf)
<use ../../Figures/Fig21b-EnergyCapacity-Al.pdf>
Package pdftex.def Info: ../../Figures/Fig21b-EnergyCapacity-Al.pdf  used on in
put line 695.
(pdftex.def)             Requested size: 155.24895pt x 114.42155pt.
<../../Figures/Fig22a-energyEfficiency-Fe.pdf, id=881, 350.30875pt x 255.95625p
t>
File: ../../Figures/Fig22a-energyEfficiency-Fe.pdf Graphic file (type pdf)
<use ../../Figures/Fig22a-energyEfficiency-Fe.pdf>
Package pdftex.def Info: ../../Figures/Fig22a-energyEfficiency-Fe.pdf  used on 
input line 710.
(pdftex.def)             Requested size: 155.24895pt x 113.43735pt.
<../../Figures/Fig22b-energyEfficiency-Al.pdf, id=882, 350.30875pt x 255.95625p
t>
File: ../../Figures/Fig22b-energyEfficiency-Al.pdf Graphic file (type pdf)
<use ../../Figures/Fig22b-energyEfficiency-Al.pdf>
Package pdftex.def Info: ../../Figures/Fig22b-energyEfficiency-Al.pdf  used on 
input line 717.
(pdftex.def)             Requested size: 155.24895pt x 113.43735pt.


Package natbib Warning: Citation `Fallet2008' on page 34 undefined on input lin
e 728.

[34 <../../Figures/Fig21a-EnergyCapacity-Fe.pdf> <../../Figures/Fig21b-EnergyCa
pacity-Al.pdf>]

Package natbib Warning: Citation `EC3-1-2' on page 35 undefined on input line 7
31.

[35 <../../Figures/Fig22a-energyEfficiency-Fe.pdf> <../../Figures/Fig22b-energy
Efficiency-Al.pdf>]

Package natbib Warning: Citation `EC9-1-2' on page 36 undefined on input line 7
33.


Package natbib Warning: Citation `Taherishargh2018' on page 36 undefined on inp
ut line 733.


Package natbib Warning: Citation `Aly2007' on page 36 undefined on input line 7
33.


Package natbib Warning: Citation `Kovacicetal2016' on page 36 undefined on inpu
t line 733.


Package natbib Warning: Citation `Liuetal2016' on page 36 undefined on input li
ne 733.


Package natbib Warning: Citation `BekozOktay2014' on page 36 undefined on input
 line 735.

[36]
<../../Figures/Fig23a-retentionFactor-Fe.pdf, id=915, 350.30875pt x 252.945pt>
File: ../../Figures/Fig23a-retentionFactor-Fe.pdf Graphic file (type pdf)
<use ../../Figures/Fig23a-retentionFactor-Fe.pdf>
Package pdftex.def Info: ../../Figures/Fig23a-retentionFactor-Fe.pdf  used on i
nput line 742.
(pdftex.def)             Requested size: 155.24895pt x 112.1028pt.
<../../Figures/Fig23b-retentionFactor-Al.pdf, id=916, 350.30875pt x 252.945pt>
File: ../../Figures/Fig23b-retentionFactor-Al.pdf Graphic file (type pdf)
<use ../../Figures/Fig23b-retentionFactor-Al.pdf>
Package pdftex.def Info: ../../Figures/Fig23b-retentionFactor-Al.pdf  used on i
nput line 749.
(pdftex.def)             Requested size: 155.24895pt x 112.1028pt.


Package natbib Warning: Citation `BekozOktay2014' on page 37 undefined on input
 line 757.


Package natbib Warning: Citation `BekozOktay2014' on page 37 undefined on input
 line 757.


Overfull \hbox (5.22282pt too wide) in paragraph at lines 759--760
\OT1/cmr/m/n/10 i-cal re-ac-tions could have a sig-nif-i-cant pos-i-tive in-flu
-ence on the thermal-mechanical
 []

[37 <../../Figures/Fig23a-retentionFactor-Fe.pdf> <../../Figures/Fig23b-retenti
onFactor-Al.pdf>] [38] [39]
Overfull \hbox (66.33417pt too wide) in paragraph at lines 776--791
[][] 
 []

(FirePaperRevised.nls [40] [41]) [42]
No file FirePaperRevised.bbl.
[43]

LaTeX Warning: Float too large for page by 86.39156pt on input line 914.


LaTeX Warning: Float too large for page by 86.39156pt on input line 949.

[44] [45]

Package natbib Warning: There were undefined citations.

Package atveryend Info: Empty hook `BeforeClearDocument' on input line 953.
Package atveryend Info: Empty hook `AfterLastShipout' on input line 953.
(FirePaperRevised.aux)
Package atveryend Info: Executing hook `AtVeryEndDocument' on input line 953.
Package atveryend Info: Executing hook `AtEndAfterFileList' on input line 953.
Package rerunfilecheck Info: File `FirePaperRevised.out' has not changed.
(rerunfilecheck)             Checksum: FE1C165E59D91A0EE220BC5958D05091;1337.


LaTeX Warning: There were multiply-defined labels.

Package atveryend Info: Empty hook `AtVeryVeryEnd' on input line 953.
 ) 
Here is how much of TeX's memory you used:
 9570 strings out of 492895
 147475 string characters out of 3133453
 302746 words of memory out of 3000000
 13188 multiletter control sequences out of 15000+200000
 11350 words of font info for 44 fonts, out of 3000000 for 9000
 1141 hyphenation exceptions out of 8191
 45i,15n,77p,2780b,559s stack positions out of 5000i,500n,10000p,200000b,50000s
<C:/Program Files/MiKTeX 2.9/fonts/type1/public/amsfonts/cm/cmbx10.pfb><C:/Pr
ogram Files/MiKTeX 2.9/fonts/type1/public/amsfonts/cm/cmbx8.pfb><C:/Program Fil
es/MiKTeX 2.9/fonts/type1/public/amsfonts/cm/cmex10.pfb><C:/Program Files/MiKTe
X 2.9/fonts/type1/public/amsfonts/cmextra/cmex7.pfb><C:/Program Files/MiKTeX 2.
9/fonts/type1/public/amsfonts/cm/cmmi10.pfb><C:/Program Files/MiKTeX 2.9/fonts/
type1/public/amsfonts/cm/cmmi5.pfb><C:/Program Files/MiKTeX 2.9/fonts/type1/pub
lic/amsfonts/cm/cmmi6.pfb><C:/Program Files/MiKTeX 2.9/fonts/type1/public/amsfo
nts/cm/cmmi7.pfb><C:/Program Files/MiKTeX 2.9/fonts/type1/public/amsfonts/cm/cm
mi8.pfb><C:/Program Files/MiKTeX 2.9/fonts/type1/public/amsfonts/cm/cmr10.pfb><
C:/Program Files/MiKTeX 2.9/fonts/type1/public/amsfonts/cm/cmr12.pfb><C:/Progra
m Files/MiKTeX 2.9/fonts/type1/public/amsfonts/cm/cmr5.pfb><C:/Program Files/Mi
KTeX 2.9/fonts/type1/public/amsfonts/cm/cmr6.pfb><C:/Program Files/MiKTeX 2.9/f
onts/type1/public/amsfonts/cm/cmr7.pfb><C:/Program Files/MiKTeX 2.9/fonts/type1
/public/amsfonts/cm/cmr8.pfb><C:/Program Files/MiKTeX 2.9/fonts/type1/public/am
sfonts/cm/cmss8.pfb><C:/Program Files/MiKTeX 2.9/fonts/type1/public/amsfonts/cm
/cmsy10.pfb><C:/Program Files/MiKTeX 2.9/fonts/type1/public/amsfonts/cm/cmsy5.p
fb><C:/Program Files/MiKTeX 2.9/fonts/type1/public/amsfonts/cm/cmsy6.pfb><C:/Pr
ogram Files/MiKTeX 2.9/fonts/type1/public/amsfonts/cm/cmsy7.pfb><C:/Program Fil
es/MiKTeX 2.9/fonts/type1/public/amsfonts/cm/cmti10.pfb><C:/Program Files/MiKTe
X 2.9/fonts/type1/public/amsfonts/cm/cmti7.pfb><C:/Program Files/MiKTeX 2.9/fon
ts/type1/public/amsfonts/cm/cmti8.pfb><C:/Program Files/MiKTeX 2.9/fonts/type1/
public/amsfonts/cm/cmtt10.pfb><C:/Program Files/MiKTeX 2.9/fonts/type1/public/a
msfonts/cm/cmtt8.pfb>
Output written on FirePaperRevised.pdf (45 pages, 2307858 bytes).
PDF statistics:
 1101 PDF objects out of 1200 (max. 8388607)
 119 named destinations out of 1000 (max. 500000)
 267 words of extra memory for PDF output out of 10000 (max. 10000000)

